[?1049h[22;0;0t[?1h=[H[2J[?2004h[?2026$p[?u[c[?25h[?25l(B[m[H[2J[23Bsourcing "/usr/share/nvim/runtime/ftplugin.vim"[K[H[23M
finished sourcing /usr/share/nvim/runtime/ftplugin.vim                          
sourcing "/usr/share/nvim/runtime/indent.vim"                                   
finished sourcing /usr/share/nvim/runtime/indent.vim                            
could not source "/home/henri/.config/kdedefaults/nvim/sysinit.vim"             
could not source "/etc/xdg/nvim/sysinit.vim"                                    
could not source "/usr/share/kde-settings/kde-profile/default/xdg/nvim/sysinit.v
im"                                                                             
sourcing "$VIM/sysinit.vim"                                                     
finished sourcing $VIM/sysinit.vim                                              
sourcing "/home/henri/.config/nvim/init.vim"                                    
line 12: sourcing "/home/henri/.config/nvim/autoload/plug.vim"                  
finished sourcing /home/henri/.config/nvim/autoload/plug.vim                    
continuing in /home/henri/.config/nvim/init.vim                                 
line 86: sourcing "/usr/share/nvim/runtime/filetype.lua"                        
line 0: sourcing "/home/henri/.config/nvim/plugged/vifm.vim/ftdetect/vifm-rename
.vim"                                                                           
finished sourcing /home/henri/.config/nvim/plugged/vifm.vim/ftdetect/vifm-rename
.vim                                                                            
continuing in nvim_exec2() called at /usr/share/nvim/runtime/filetype.lua:0     
line 0: sourcing "/home/henri/.config/nvim/plugged/vifm.vim/ftdetect/vifm.vim"  
finished sourcing /home/henri/.config/nvim/plugged/vifm.vim/ftdetect/vifm.vim   
continuing in nvim_exec2() called at /usr/share/nvim/runtime/filetype.lua:0     
-- More --                                                                      ]112[1 q[Hsourcing "/usr/share/nvim/runtime/ftplugin.vim"[K
finished sourcing /usr/share/nvim/runtime/ftplugin.vim[K
sourcing "/usr/share/nvim/runtime/indent.vim"[K
finished sourcing /usr/share/nvim/runtime/indent.vim[K
could not source "/home/henri/.config/kdedefaults/nvim/sysinit.vim"[K
could not source "/etc/xdg/nvim/sysinit.vim"[K
could not source "/usr/share/kde-settings/kde-profile/default/xdg/nvim/sysinit.v
im"[K
sourcing "$VIM/sysinit.vim"[K
finished sourcing $VIM/sysinit.vim[K
sourcing "/home/henri/.config/nvim/init.vim"[K
line 12: sourcing "/home/henri/.config/nvim/autoload/plug.vim"[K
finished sourcing /home/henri/.config/nvim/autoload/plug.vim[K
continuing in /home/henri/.config/nvim/init.vim[K
line 86: sourcing "/usr/share/nvim/runtime/filetype.lua"[K
line 0: sourcing "/home/henri/.config/nvim/plugged/vifm.vim/ftdetect/vifm-rename
.vim"[K
finished sourcing /home/henri/.config/nvim/plugged/vifm.vim/ftdetect/vifm-rename
.vim[K
continuing in nvim_exec2() called at /usr/share/nvim/runtime/filetype.lua:0[K
line 0: sourcing "/home/henri/.config/nvim/plugged/vifm.vim/ftdetect/vifm.vim"[K
finished sourcing /home/henri/.config/nvim/plugged/vifm.vim/ftdetect/vifm.vim[K
continuing in nvim_exec2() called at /usr/share/nvim/runtime/filetype.lua:0[K
-- More --[K[?25h[?25l[?1004h[?25h[?25l[CSPACE/d/j: screen/page/line down, b/u/k: up, q: quit[C[?25h